
maximka çàïëàòèë $200 çà âõîä â áèçíåñ 5
maximka çàïëàòèë $200 çà âõîä â áèçíåñ 5
[GR]maximka çàïëàòèë $100 çà âõîä â áèçíåñ 13
[GR]maximka çàïëàòèë $100 çà âõîä â áèçíåñ 13
[GR]maximka payed $100 to enter sbiz 13
[GR]maximka çàïëàòèë $100 çà âõîä â áèçíåñ 13
[GR]maximka çàïëàòèë $100 çà âõîä â áèçíåñ 13
[GR]maximka payed $100 to enter sbiz 13
[GR]maximka çàïëàòèë $100 çà âõîä â áèçíåñ 13
[GR]maximka çàïëàòèë $100 çà âõîä â áèçíåñ 13
[GR]maximka payed $100 to enter sbiz 13
[GR]maximka çàïëàòèë $200 çà âõîä â áèçíåñ 5
[GR]maximka çàïëàòèë $200 çà âõîä â áèçíåñ 5
[GR]maximka payed $200 to enter sbiz 5
[GR]maximka çàïëàòèë $5000 çà âõîä â áèçíåñ 4
[GR]maximka çàïëàòèë $5000 çà âõîä â áèçíåñ 4
[GR]maximka payed $5000 to enter sbiz 4
[GR]maximka ïåðåäàë $100000 äëÿ [GR]maximka
[GR]maximka çàïëàòèë $5000 çà âõîä â áèçíåñ 4
[GR]maximka çàïëàòèë $5000 çà âõîä â áèçíåñ 4
[GR]maximka payed $5000 to enter sbiz 4
[GR]maximka çàïëàòèë $5000 çà âõîä â áèçíåñ 4
[GR]maximka çàïëàòèë $5000 çà âõîä â áèçíåñ 4
[GR]maximka çàïëàòèë $100 çà âõîä â áèçíåñ 13
[GR]maximka çàïëàòèë $100 çà âõîä â áèçíåñ 13
[GR]maximka çàïëàòèë $200 çà âõîä â áèçíåñ 5
[GR]maximka çàïëàòèë $200 çà âõîä â áèçíåñ 5
[GR]maximka payed $200 to enter sbiz 5
* [GR]maximka ïîëó÷èë $1 to [GR]maximka
[GR]maximka çàïëàòèë $500 çà âõîä â áèçíåñ 10
[GR]maximka çàïëàòèë $500 çà âõîä â áèçíåñ 10
magnetas çàïëàòèë $2000 çà âõîä â áèçíåñ 0
magnetas çàïëàòèë $2000 çà âõîä â áèçíåñ 0
magnetas payed $2000 to enter sbiz 0
F[a]ust çàïëàòèë $2000 çà âõîä â áèçíåñ 0
F[a]ust çàïëàòèë $2000 çà âõîä â áèçíåñ 0
F[a]ust payed $2000 to enter sbiz 0
F[a]ust çàïëàòèë $2000 çà âõîä â áèçíåñ 0
F[a]ust çàïëàòèë $2000 çà âõîä â áèçíåñ 0
F[a]ust payed $2000 to enter sbiz 0
magnetas çàïëàòèë $2000 çà âõîä â áèçíåñ 0
magnetas çàïëàòèë $2000 çà âõîä â áèçíåñ 0
magnetas payed $2000 to enter sbiz 0
magnetas çàïëàòèë $2000 çà âõîä â áèçíåñ 8
magnetas çàïëàòèë $2000 çà âõîä â áèçíåñ 8
F[a]ust çàïëàòèë $2000 çà âõîä â áèçíåñ 8
F[a]ust çàïëàòèë $2000 çà âõîä â áèçíåñ 8
F[a]ust payed $2000 to enter sbiz 8
magnetas çàïëàòèë $2000 çà âõîä â áèçíåñ 8
magnetas çàïëàòèë $2000 çà âõîä â áèçíåñ 8
magnetas payed $2000 to enter sbiz 8
F[a]ust çàïëàòèë $2000 çà âõîä â áèçíåñ 0
F[a]ust çàïëàòèë $2000 çà âõîä â áèçíåñ 0
F[a]ust çàïëàòèë $2000 çà âõîä â áèçíåñ 0
F[a]ust çàïëàòèë $2000 çà âõîä â áèçíåñ 0
magnetas çàïëàòèë $2000 çà âõîä â áèçíåñ 0
magnetas çàïëàòèë $2000 çà âõîä â áèçíåñ 0
magnetas payed $2000 to enter sbiz 0
magnetas çàïëàòèë $2000 çà âõîä â áèçíåñ 0
magnetas çàïëàòèë $2000 çà âõîä â áèçíåñ 0
magnetas payed $2000 to enter sbiz 0
F[a]ust çàïëàòèë $2000 çà âõîä â áèçíåñ 0
F[a]ust çàïëàòèë $2000 çà âõîä â áèçíåñ 0
F[a]ust payed $2000 to enter sbiz 0
magnetas çàïëàòèë $2000 çà âõîä â áèçíåñ 0
magnetas çàïëàòèë $2000 çà âõîä â áèçíåñ 0
magnetas payed $2000 to enter sbiz 0
magnetas çàïëàòèë $2000 çà âõîä â áèçíåñ 0
magnetas çàïëàòèë $2000 çà âõîä â áèçíåñ 0
F[a]ust çàïëàòèë $2000 çà âõîä â áèçíåñ 0
F[a]ust çàïëàòèë $2000 çà âõîä â áèçíåñ 0
F[a]ust çàïëàòèë $2000 çà âõîä â áèçíåñ 0
F[a]ust çàïëàòèë $2000 çà âõîä â áèçíåñ 0
F[a]ust payed $2000 to enter sbiz 0
F[a]ust çàïëàòèë $2000 çà âõîä â áèçíåñ 0
F[a]ust çàïëàòèë $2000 çà âõîä â áèçíåñ 0
F[a]ust payed $2000 to enter sbiz 0
F[a]ust çàïëàòèë $2000 çà âõîä â áèçíåñ 0
F[a]ust çàïëàòèë $2000 çà âõîä â áèçíåñ 0
F[a]ust payed $2000 to enter sbiz 0
F[a]ust çàïëàòèë $2000 çà âõîä â áèçíåñ 0
F[a]ust çàïëàòèë $2000 çà âõîä â áèçíåñ 0
F[a]ust payed $2000 to enter sbiz 0
F[a]ust çàïëàòèë $2000 çà âõîä â áèçíåñ 0
F[a]ust çàïëàòèë $2000 çà âõîä â áèçíåñ 0
F[a]ust payed $2000 to enter sbiz 0
magnetas çàïëàòèë $2000 çà âõîä â áèçíåñ 0
magnetas çàïëàòèë $2000 çà âõîä â áèçíåñ 0
F[a]ust çàïëàòèë $2000 çà âõîä â áèçíåñ 0
F[a]ust çàïëàòèë $2000 çà âõîä â áèçíåñ 0
magnetas çàïëàòèë $2000 çà âõîä â áèçíåñ 0
magnetas çàïëàòèë $2000 çà âõîä â áèçíåñ 0
F[a]ust çàïëàòèë $1000 çà âõîä â áèçíåñ 1
F[a]ust çàïëàòèë $1000 çà âõîä â áèçíåñ 1
F[a]ust payed $1000 to enter sbiz 1
F[a]ust çàïëàòèë $2000 çà âõîä â áèçíåñ 0
F[a]ust çàïëàòèë $2000 çà âõîä â áèçíåñ 0
F[a]ust payed $2000 to enter sbiz 0
magnetas çàïëàòèë $2000 çà âõîä â áèçíåñ 0
magnetas çàïëàòèë $2000 çà âõîä â áèçíåñ 0
magnetas payed $2000 to enter sbiz 0
magnetas çàïëàòèë $2000 çà âõîä â áèçíåñ 0
magnetas çàïëàòèë $2000 çà âõîä â áèçíåñ 0
magnetas çàïëàòèë $2000 çà âõîä â áèçíåñ 0
magnetas çàïëàòèë $2000 çà âõîä â áèçíåñ 0
magnetas payed $2000 to enter sbiz 0
F[a]ust çàïëàòèë $2000 çà âõîä â áèçíåñ 0
F[a]ust çàïëàòèë $2000 çà âõîä â áèçíåñ 0
magnetas çàïëàòèë $2000 çà âõîä â áèçíåñ 0
magnetas çàïëàòèë $2000 çà âõîä â áèçíåñ 0
magnetas payed $2000 to enter sbiz 0
magnetas çàïëàòèë $2000 çà âõîä â áèçíåñ 0
magnetas çàïëàòèë $2000 çà âõîä â áèçíåñ 0
magnetas payed $2000 to enter sbiz 0
F[a]ust çàïëàòèë $2000 çà âõîä â áèçíåñ 0
F[a]ust çàïëàòèë $2000 çà âõîä â áèçíåñ 0
F[a]ust payed $2000 to enter sbiz 0
magnetas çàïëàòèë $2000 çà âõîä â áèçíåñ 0
magnetas çàïëàòèë $2000 çà âõîä â áèçíåñ 0
F[a]ust çàïëàòèë $2000 çà âõîä â áèçíåñ 0
F[a]ust çàïëàòèë $2000 çà âõîä â áèçíåñ 0
F[a]ust payed $2000 to enter sbiz 0
magnetas çàïëàòèë $2000 çà âõîä â áèçíåñ 0
magnetas çàïëàòèë $2000 çà âõîä â áèçíåñ 0
magnetas payed $2000 to enter sbiz 0
magnetas çàïëàòèë $2000 çà âõîä â áèçíåñ 0
magnetas çàïëàòèë $2000 çà âõîä â áèçíåñ 0
F[a]ust çàïëàòèë $2000 çà âõîä â áèçíåñ 0
F[a]ust çàïëàòèë $2000 çà âõîä â áèçíåñ 0
F[a]ust çàïëàòèë $2000 çà âõîä â áèçíåñ 0
F[a]ust çàïëàòèë $2000 çà âõîä â áèçíåñ 0
F[a]ust payed $2000 to enter sbiz 0
magnetas çàïëàòèë $2000 çà âõîä â áèçíåñ 0
magnetas çàïëàòèë $2000 çà âõîä â áèçíåñ 0
magnetas payed $2000 to enter sbiz 0
magnetas çàïëàòèë $2000 çà âõîä â áèçíåñ 0
magnetas çàïëàòèë $2000 çà âõîä â áèçíåñ 0
magnetas payed $2000 to enter sbiz 0
magnetas çàïëàòèë $2000 çà âõîä â áèçíåñ 0
magnetas çàïëàòèë $2000 çà âõîä â áèçíåñ 0
magnetas payed $2000 to enter sbiz 0
magnetas çàïëàòèë $2000 çà âõîä â áèçíåñ 0
magnetas çàïëàòèë $2000 çà âõîä â áèçíåñ 0
magnetas payed $2000 to enter sbiz 0
magnetas çàïëàòèë $2000 çà âõîä â áèçíåñ 0
magnetas çàïëàòèë $2000 çà âõîä â áèçíåñ 0
magnetas payed $2000 to enter sbiz 0
magnetas çàïëàòèë $2000 çà âõîä â áèçíåñ 0
magnetas çàïëàòèë $2000 çà âõîä â áèçíåñ 0
magnetas payed $2000 to enter sbiz 0
magnetas çàïëàòèë $2000 çà âõîä â áèçíåñ 0
magnetas çàïëàòèë $2000 çà âõîä â áèçíåñ 0
magnetas payed $2000 to enter sbiz 0
magnetas çàïëàòèë $2000 çà âõîä â áèçíåñ 0
magnetas çàïëàòèë $2000 çà âõîä â áèçíåñ 0
magnetas payed $2000 to enter sbiz 0
magnetas çàïëàòèë $2000 çà âõîä â áèçíåñ 0
magnetas çàïëàòèë $2000 çà âõîä â áèçíåñ 0
magnetas payed $2000 to enter sbiz 0
magnetas çàïëàòèë $2000 çà âõîä â áèçíåñ 0
magnetas çàïëàòèë $2000 çà âõîä â áèçíåñ 0
magnetas payed $2000 to enter sbiz 0
magnetas çàïëàòèë $2000 çà âõîä â áèçíåñ 0
magnetas çàïëàòèë $2000 çà âõîä â áèçíåñ 0
magnetas payed $2000 to enter sbiz 0
F[a]ust çàïëàòèë $2000 çà âõîä â áèçíåñ 0
F[a]ust çàïëàòèë $2000 çà âõîä â áèçíåñ 0
F[a]ust payed $2000 to enter sbiz 0
magnetas çàïëàòèë $2000 çà âõîä â áèçíåñ 0
magnetas çàïëàòèë $2000 çà âõîä â áèçíåñ 0
magnetas payed $2000 to enter sbiz 0
F[a]ust çàïëàòèë $100 çà âõîä â áèçíåñ 9
F[a]ust çàïëàòèë $100 çà âõîä â áèçíåñ 9
F[a]ust payed $100 to enter sbiz 9
Dark21997 çàïëàòèë $100 çà âõîä â áèçíåñ 9
Dark21997 çàïëàòèë $100 çà âõîä â áèçíåñ 9
Dark21997 payed $100 to enter sbiz 9
Dark21997 çàïëàòèë $100 çà âõîä â áèçíåñ 9
Dark21997 çàïëàòèë $100 çà âõîä â áèçíåñ 9
Dark21997 payed $100 to enter sbiz 9
F[a]ust çàïëàòèë $100 çà âõîä â áèçíåñ 9
F[a]ust çàïëàòèë $100 çà âõîä â áèçíåñ 9
F[a]ust payed $100 to enter sbiz 9
Dark21997 çàïëàòèë $100 çà âõîä â áèçíåñ 9
Dark21997 çàïëàòèë $100 çà âõîä â áèçíåñ 9
Dark21997 payed $100 to enter sbiz 9
F[a]ust çàïëàòèë $100 çà âõîä â áèçíåñ 9
F[a]ust çàïëàòèë $100 çà âõîä â áèçíåñ 9
F[a]ust payed $100 to enter sbiz 9
F[a]ust çàïëàòèë $100 çà âõîä â áèçíåñ 9
F[a]ust çàïëàòèë $100 çà âõîä â áèçíåñ 9
F[a]ust payed $100 to enter sbiz 9
F[a]ust çàïëàòèë $100 çà âõîä â áèçíåñ 9
F[a]ust çàïëàòèë $100 çà âõîä â áèçíåñ 9
F[a]ust çàïëàòèë $100 çà âõîä â áèçíåñ 9
F[a]ust çàïëàòèë $100 çà âõîä â áèçíåñ 9
F[a]ust payed $100 to enter sbiz 9
F[a]ust çàïëàòèë $100 çà âõîä â áèçíåñ 9
F[a]ust çàïëàòèë $100 çà âõîä â áèçíåñ 9
F[a]ust çàïëàòèë $100 çà âõîä â áèçíåñ 9
F[a]ust çàïëàòèë $100 çà âõîä â áèçíåñ 9
F[a]ust payed $100 to enter sbiz 9
F[a]ust çàïëàòèë $100 çà âõîä â áèçíåñ 9
F[a]ust çàïëàòèë $100 çà âõîä â áèçíåñ 9
F[a]ust payed $100 to enter sbiz 9
F[a]ust çàïëàòèë $2000 çà âõîä â áèçíåñ 9
F[a]ust çàïëàòèë $2000 çà âõîä â áèçíåñ 9
F[a]ust çàïëàòèë $2000 çà âõîä â áèçíåñ 9
F[a]ust çàïëàòèë $2000 çà âõîä â áèçíåñ 9
F[a]ust payed $2000 to enter sbiz 9
F[a]ust çàïëàòèë $2000 çà âõîä â áèçíåñ 9
F[a]ust çàïëàòèë $2000 çà âõîä â áèçíåñ 9
F[a]ust payed $2000 to enter sbiz 9
F[a]ust çàïëàòèë $2000 çà âõîä â áèçíåñ 9
F[a]ust çàïëàòèë $2000 çà âõîä â áèçíåñ 9
F[a]ust çàïëàòèë $2000 çà âõîä â áèçíåñ 9
F[a]ust çàïëàòèë $2000 çà âõîä â áèçíåñ 9
magnetas çàïëàòèë $2000 çà âõîä â áèçíåñ 9
magnetas çàïëàòèë $2000 çà âõîä â áèçíåñ 9
F[a]ust çàïëàòèë $2000 çà âõîä â áèçíåñ 9
F[a]ust çàïëàòèë $2000 çà âõîä â áèçíåñ 9
F[a]ust payed $2000 to enter sbiz 9
F[a]ust çàïëàòèë $2000 çà âõîä â áèçíåñ 9
F[a]ust çàïëàòèë $2000 çà âõîä â áèçíåñ 9
F[a]ust çàïëàòèë $2000 çà âõîä â áèçíåñ 9
F[a]ust çàïëàòèë $2000 çà âõîä â áèçíåñ 9
F[a]ust payed $2000 to enter sbiz 9
magnetas çàïëàòèë $2000 çà âõîä â áèçíåñ 9
magnetas çàïëàòèë $2000 çà âõîä â áèçíåñ 9
magnetas payed $2000 to enter sbiz 9
magnetas çàïëàòèë $2000 çà âõîä â áèçíåñ 9
magnetas çàïëàòèë $2000 çà âõîä â áèçíåñ 9
magnetas payed $2000 to enter sbiz 9
F[a]ust çàïëàòèë $1000 çà âõîä â áèçíåñ 1
F[a]ust çàïëàòèë $1000 çà âõîä â áèçíåñ 1
F[a]ust çàïëàòèë $1000 çà âõîä â áèçíåñ 1
F[a]ust çàïëàòèë $1000 çà âõîä â áèçíåñ 1
F[a]ust payed $1000 to enter sbiz 1
magnetas çàïëàòèë $1000 çà âõîä â áèçíåñ 1
magnetas çàïëàòèë $1000 çà âõîä â áèçíåñ 1
magnetas payed $1000 to enter sbiz 1
magnetas çàïëàòèë $2000 çà âõîä â áèçíåñ 0
magnetas çàïëàòèë $2000 çà âõîä â áèçíåñ 0
magnetas payed $2000 to enter sbiz 0
magnetas çàïëàòèë $2000 çà âõîä â áèçíåñ 9
magnetas çàïëàòèë $2000 çà âõîä â áèçíåñ 9
magnetas payed $2000 to enter sbiz 9
magnetas çàïëàòèë $2000 çà âõîä â áèçíåñ 9
magnetas çàïëàòèë $2000 çà âõîä â áèçíåñ 9
magnetas payed $2000 to enter sbiz 9
F[a]ust çàïëàòèë $2000 çà âõîä â áèçíåñ 0
F[a]ust çàïëàòèë $2000 çà âõîä â áèçíåñ 0
F[a]ust çàïëàòèë $2000 çà âõîä â áèçíåñ 9
F[a]ust çàïëàòèë $2000 çà âõîä â áèçíåñ 9
F[a]ust çàïëàòèë $2000 çà âõîä â áèçíåñ 0
F[a]ust çàïëàòèë $2000 çà âõîä â áèçíåñ 0
F[a]ust payed $2000 to enter sbiz 0
F[a]ust çàïëàòèë $2000 çà âõîä â áèçíåñ 0
F[a]ust çàïëàòèë $2000 çà âõîä â áèçíåñ 0
F[a]ust çàïëàòèë $2000 çà âõîä â áèçíåñ 9
F[a]ust çàïëàòèë $2000 çà âõîä â áèçíåñ 9
F[a]ust payed $2000 to enter sbiz 9
F[a]ust çàïëàòèë $2000 çà âõîä â áèçíåñ 9
magnetas çàïëàòèë $2000 çà âõîä â áèçíåñ 9
magnetas çàïëàòèë $2000 çà âõîä â áèçíåñ 9
magnetas çàïëàòèë $2000 çà âõîä â áèçíåñ 9
magnetas çàïëàòèë $2000 çà âõîä â áèçíåñ 9
magnetas payed $2000 to enter sbiz 9
magnetas çàïëàòèë $2000 çà âõîä â áèçíåñ 9
magnetas çàïëàòèë $2000 çà âõîä â áèçíåñ 9
magnetas payed $2000 to enter sbiz 9
magnetas çàïëàòèë $2000 çà âõîä â áèçíåñ 9
magnetas çàïëàòèë $2000 çà âõîä â áèçíåñ 9
magnetas payed $2000 to enter sbiz 9
magnetas çàïëàòèë $2000 çà âõîä â áèçíåñ 9
magnetas çàïëàòèë $2000 çà âõîä â áèçíåñ 9
magnetas payed $2000 to enter sbiz 9
magnetas çàïëàòèë $2000 çà âõîä â áèçíåñ 9
magnetas çàïëàòèë $2000 çà âõîä â áèçíåñ 9
magnetas payed $2000 to enter sbiz 9
magnetas çàïëàòèë $2000 çà âõîä â áèçíåñ 9
magnetas çàïëàòèë $2000 çà âõîä â áèçíåñ 9
magnetas çàïëàòèë $2000 çà âõîä â áèçíåñ 9
magnetas çàïëàòèë $2000 çà âõîä â áèçíåñ 9
magnetas payed $2000 to enter sbiz 9
F[a]ust çàïëàòèë $0 çà âõîä â áèçíåñ 11
F[a]ust çàïëàòèë $0 çà âõîä â áèçíåñ 11
F[a]ust payed $0 to enter sbiz 11
magnetas çàïëàòèë $0 çà âõîä â áèçíåñ 11
magnetas çàïëàòèë $0 çà âõîä â áèçíåñ 11
magnetas payed $0 to enter sbiz 11
F[a]ust çàïëàòèë $1 çà âõîä â áèçíåñ 9
F[a]ust çàïëàòèë $2000 çà âõîä â áèçíåñ 0
F[a]ust çàïëàòèë $2000 çà âõîä â áèçíåñ 0
F[a]ust çàïëàòèë $2000 çà âõîä â áèçíåñ 0
F[a]ust çàïëàòèë $2000 çà âõîä â áèçíåñ 0
F[a]ust payed $2000 to enter sbiz 0
F[a]ust çàïëàòèë $2000 çà âõîä â áèçíåñ 0
F[a]ust çàïëàòèë $2000 çà âõîä â áèçíåñ 0
F[a]ust çàïëàòèë $2000 çà âõîä â áèçíåñ 0
F[a]ust çàïëàòèë $2000 çà âõîä â áèçíåñ 0
F[a]ust payed $2000 to enter sbiz 0
magnetas çàïëàòèë $2000 çà âõîä â áèçíåñ 0
magnetas çàïëàòèë $2000 çà âõîä â áèçíåñ 0
F[a]ust çàïëàòèë $2000 çà âõîä â áèçíåñ 0
F[a]ust çàïëàòèë $2000 çà âõîä â áèçíåñ 0
F[a]ust çàïëàòèë $2000 çà âõîä â áèçíåñ 0
F[a]ust çàïëàòèë $2000 çà âõîä â áèçíåñ 0
F[a]ust payed $2000 to enter sbiz 0
F[a]ust çàïëàòèë $2000 çà âõîä â áèçíåñ 0
F[a]ust çàïëàòèë $2000 çà âõîä â áèçíåñ 0
F[a]ust çàïëàòèë $2000 çà âõîä â áèçíåñ 0
F[a]ust çàïëàòèë $2000 çà âõîä â áèçíåñ 0
magnetas çàïëàòèë $2000 çà âõîä â áèçíåñ 0
magnetas çàïëàòèë $2000 çà âõîä â áèçíåñ 0
F[a]ust çàïëàòèë $2000 çà âõîä â áèçíåñ 0
F[a]ust çàïëàòèë $2000 çà âõîä â áèçíåñ 0
F[a]ust payed $2000 to enter sbiz 0
magnetas çàïëàòèë $2000 çà âõîä â áèçíåñ 0
magnetas çàïëàòèë $2000 çà âõîä â áèçíåñ 0
magnetas çàïëàòèë $2000 çà âõîä â áèçíåñ 9
magnetas çàïëàòèë $2000 çà âõîä â áèçíåñ 9
F[a]ust çàïëàòèë $2000 çà âõîä â áèçíåñ 9
F[a]ust çàïëàòèë $2000 çà âõîä â áèçíåñ 9
F[a]ust payed $2000 to enter sbiz 9
F[a]ust çàïëàòèë $2000 çà âõîä â áèçíåñ 9
F[a]ust çàïëàòèë $2000 çà âõîä â áèçíåñ 9
magnetas çàïëàòèë $2000 çà âõîä â áèçíåñ 9
magnetas çàïëàòèë $2000 çà âõîä â áèçíåñ 9
F[a]ust çàïëàòèë $2000 çà âõîä â áèçíåñ 9
F[a]ust çàïëàòèë $2000 çà âõîä â áèçíåñ 9
magnetas çàïëàòèë $2000 çà âõîä â áèçíåñ 9
magnetas çàïëàòèë $2000 çà âõîä â áèçíåñ 9
magnetas payed $2000 to enter sbiz 9
magnetas çàïëàòèë $2000 çà âõîä â áèçíåñ 9
magnetas çàïëàòèë $2000 çà âõîä â áèçíåñ 9
magnetas payed $2000 to enter sbiz 9
magnetas çàïëàòèë $2000 çà âõîä â áèçíåñ 9
magnetas çàïëàòèë $2000 çà âõîä â áèçíåñ 0
magnetas çàïëàòèë $2000 çà âõîä â áèçíåñ 0
magnetas çàïëàòèë $2000 çà âõîä â áèçíåñ 0
magnetas çàïëàòèë $2000 çà âõîä â áèçíåñ 0
F[a]ust çàïëàòèë $2000 çà âõîä â áèçíåñ 0
F[a]ust çàïëàòèë $2000 çà âõîä â áèçíåñ 0
F[a]ust payed $2000 to enter sbiz 0
F[a]ust çàïëàòèë $2000 çà âõîä â áèçíåñ 9
F[a]ust çàïëàòèë $2000 çà âõîä â áèçíåñ 9
magnetas çàïëàòèë $2000 çà âõîä â áèçíåñ 0
magnetas çàïëàòèë $2000 çà âõîä â áèçíåñ 0
magnetas çàïëàòèë $2000 çà âõîä â áèçíåñ 0
magnetas çàïëàòèë $2000 çà âõîä â áèçíåñ 0
magnetas payed $2000 to enter sbiz 0
magnetas çàïëàòèë $2000 çà âõîä â áèçíåñ 0
magnetas çàïëàòèë $2000 çà âõîä â áèçíåñ 0
magnetas payed $2000 to enter sbiz 0
F[a]ust çàïëàòèë $2000 çà âõîä â áèçíåñ 9
F[a]ust çàïëàòèë $2000 çà âõîä â áèçíåñ 9
F[a]ust çàïëàòèë $2000 çà âõîä â áèçíåñ 0
F[a]ust çàïëàòèë $2000 çà âõîä â áèçíåñ 0
F[a]ust payed $2000 to enter sbiz 0
F[a]ust çàïëàòèë $2000 çà âõîä â áèçíåñ 0
F[a]ust çàïëàòèë $2000 çà âõîä â áèçíåñ 0
F[a]ust payed $2000 to enter sbiz 0
F[a]ust çàïëàòèë $2000 çà âõîä â áèçíåñ 9
F[a]ust çàïëàòèë $2000 çà âõîä â áèçíåñ 9
F[a]ust çàïëàòèë $2000 çà âõîä â áèçíåñ 9
F[a]ust çàïëàòèë $2000 çà âõîä â áèçíåñ 9
F[a]ust payed $2000 to enter sbiz 9
F[a]ust çàïëàòèë $2000 çà âõîä â áèçíåñ 9
F[a]ust çàïëàòèë $2000 çà âõîä â áèçíåñ 9
F[a]ust çàïëàòèë $2000 çà âõîä â áèçíåñ 9
F[a]ust çàïëàòèë $200 çà âõîä â áèçíåñ 10
F[a]ust çàïëàòèë $200 çà âõîä â áèçíåñ 10
F[a]ust payed $200 to enter sbiz 10
F[a]ust çàïëàòèë $2000 çà âõîä â áèçíåñ 0
F[a]ust çàïëàòèë $2000 çà âõîä â áèçíåñ 0
F[a]ust payed $2000 to enter sbiz 0
magnetas çàïëàòèë $2000 çà âõîä â áèçíåñ 0
magnetas çàïëàòèë $2000 çà âõîä â áèçíåñ 0
F[a]ust çàïëàòèë $2000 çà âõîä â áèçíåñ 0
F[a]ust çàïëàòèë $2000 çà âõîä â áèçíåñ 0
F[a]ust payed $2000 to enter sbiz 0
F[a]ust çàïëàòèë $2000 çà âõîä â áèçíåñ 0
F[a]ust çàïëàòèë $2000 çà âõîä â áèçíåñ 0
batya çàïëàòèë $2000 çà âõîä â áèçíåñ 0
batya çàïëàòèë $2000 çà âõîä â áèçíåñ 0
batya payed $2000 to enter sbiz 0
_batya_ çàïëàòèë $2000 çà âõîä â áèçíåñ 0
_batya_ çàïëàòèë $2000 çà âõîä â áèçíåñ 0
_batya_ payed $2000 to enter sbiz 0
_batya_ çàïëàòèë $500 çà âõîä â áèçíåñ 10
_batya_ çàïëàòèë $500 çà âõîä â áèçíåñ 10
_batya_ payed $500 to enter sbiz 10
batya çàïëàòèë $2000 çà âõîä â áèçíåñ 0
batya çàïëàòèë $2000 çà âõîä â áèçíåñ 0
batya payed $2000 to enter sbiz 0
batya çàïëàòèë $2000 çà âõîä â áèçíåñ 0
batya çàïëàòèë $2000 çà âõîä â áèçíåñ 0
batya payed $2000 to enter sbiz 0
batya çàïëàòèë $2000 çà âõîä â áèçíåñ 0
batya çàïëàòèë $2000 çà âõîä â áèçíåñ 0
batya payed $2000 to enter sbiz 0
batya çàïëàòèë $0 çà âõîä â áèçíåñ 7
batya çàïëàòèë $0 çà âõîä â áèçíåñ 7
batya payed $0 to enter sbiz 7
_batya_ çàïëàòèë $1 çà âõîä â áèçíåñ 12
_batya_ çàïëàòèë $1 çà âõîä â áèçíåñ 12
_batya_ payed $1 to enter sbiz 12
_batya_ çàïëàòèë $1 çà âõîä â áèçíåñ 12
_batya_ çàïëàòèë $1 çà âõîä â áèçíåñ 12
_batya_ payed $1 to enter sbiz 12
_batya_ çàïëàòèë $100 çà âõîä â áèçíåñ 12
_batya_ çàïëàòèë $100 çà âõîä â áèçíåñ 12
_batya_ payed $100 to enter sbiz 12
_batya_ çàïëàòèë $100 çà âõîä â áèçíåñ 12
_batya_ çàïëàòèë $100 çà âõîä â áèçíåñ 12
_batya_ payed $100 to enter sbiz 12
_batya_ çàïëàòèë $100 çà âõîä â áèçíåñ 12
_batya_ çàïëàòèë $100 çà âõîä â áèçíåñ 12
_batya_ payed $100 to enter sbiz 12
_batya_ çàïëàòèë $100 çà âõîä â áèçíåñ 12
_batya_ çàïëàòèë $100 çà âõîä â áèçíåñ 12
_batya_ payed $100 to enter sbiz 12
_batya_ çàïëàòèë $100 çà âõîä â áèçíåñ 12
_batya_ çàïëàòèë $100 çà âõîä â áèçíåñ 12
_batya_ payed $100 to enter sbiz 12
_batya_ çàïëàòèë $100 çà âõîä â áèçíåñ 12
_batya_ çàïëàòèë $100 çà âõîä â áèçíåñ 12
_batya_ payed $100 to enter sbiz 12
_batya_ çàïëàòèë $100 çà âõîä â áèçíåñ 12
_batya_ çàïëàòèë $100 çà âõîä â áèçíåñ 12
_batya_ payed $100 to enter sbiz 12
_batya_ çàïëàòèë $100 çà âõîä â áèçíåñ 12
_batya_ çàïëàòèë $100 çà âõîä â áèçíåñ 12
_batya_ payed $100 to enter sbiz 12
_batya_ çàïëàòèë $100 çà âõîä â áèçíåñ 12
_batya_ çàïëàòèë $100 çà âõîä â áèçíåñ 12
_batya_ payed $100 to enter sbiz 12
_batya_ çàïëàòèë $100 çà âõîä â áèçíåñ 12
_batya_ çàïëàòèë $100 çà âõîä â áèçíåñ 12
_batya_ payed $100 to enter sbiz 12
_batya_ çàïëàòèë $100 çà âõîä â áèçíåñ 12
_batya_ çàïëàòèë $100 çà âõîä â áèçíåñ 12
_batya_ payed $100 to enter sbiz 12
_batya_ çàïëàòèë $100 çà âõîä â áèçíåñ 12
_batya_ çàïëàòèë $100 çà âõîä â áèçíåñ 12
_batya_ payed $100 to enter sbiz 12
_batya_ çàïëàòèë $100 çà âõîä â áèçíåñ 12
_batya_ çàïëàòèë $100 çà âõîä â áèçíåñ 12
_batya_ payed $100 to enter sbiz 12
_batya_ çàïëàòèë $100 çà âõîä â áèçíåñ 12
_batya_ çàïëàòèë $100 çà âõîä â áèçíåñ 12
_batya_ payed $100 to enter sbiz 12
_batya_ çàïëàòèë $100 çà âõîä â áèçíåñ 12
_batya_ çàïëàòèë $100 çà âõîä â áèçíåñ 12
_batya_ payed $100 to enter sbiz 12
_batya_ çàïëàòèë $100 çà âõîä â áèçíåñ 12
_batya_ çàïëàòèë $100 çà âõîä â áèçíåñ 12
_batya_ payed $100 to enter sbiz 12
_batya_ çàïëàòèë $100 çà âõîä â áèçíåñ 12
_batya_ çàïëàòèë $100 çà âõîä â áèçíåñ 12
_batya_ payed $100 to enter sbiz 12
_batya_ çàïëàòèë $100 çà âõîä â áèçíåñ 12
_batya_ çàïëàòèë $100 çà âõîä â áèçíåñ 12
_batya_ payed $100 to enter sbiz 12
_batya_ çàïëàòèë $100 çà âõîä â áèçíåñ 12
_batya_ çàïëàòèë $100 çà âõîä â áèçíåñ 12
_batya_ payed $100 to enter sbiz 12
_batya_ çàïëàòèë $100 çà âõîä â áèçíåñ 12
_batya_ çàïëàòèë $100 çà âõîä â áèçíåñ 12
_batya_ payed $100 to enter sbiz 12
_batya_ çàïëàòèë $100 çà âõîä â áèçíåñ 12
_batya_ çàïëàòèë $100 çà âõîä â áèçíåñ 12
_batya_ payed $100 to enter sbiz 12
_batya_ çàïëàòèë $100 çà âõîä â áèçíåñ 12
_batya_ çàïëàòèë $100 çà âõîä â áèçíåñ 12
_batya_ payed $100 to enter sbiz 12
batya çàïëàòèë $100 çà âõîä â áèçíåñ 12
batya çàïëàòèë $100 çà âõîä â áèçíåñ 12
batya payed $100 to enter sbiz 12
batya çàïëàòèë $100 çà âõîä â áèçíåñ 11
batya çàïëàòèë $100 çà âõîä â áèçíåñ 11
batya payed $100 to enter sbiz 11
batya çàïëàòèë $100 çà âõîä â áèçíåñ 12
batya çàïëàòèë $100 çà âõîä â áèçíåñ 12
batya payed $100 to enter sbiz 12
batya çàïëàòèë $100 çà âõîä â áèçíåñ 12
batya çàïëàòèë $100 çà âõîä â áèçíåñ 12
batya payed $100 to enter sbiz 12
batya çàïëàòèë $100 çà âõîä â áèçíåñ 12
batya çàïëàòèë $100 çà âõîä â áèçíåñ 12
batya payed $100 to enter sbiz 12
batya çàïëàòèë $100 çà âõîä â áèçíåñ 12
batya çàïëàòèë $100 çà âõîä â áèçíåñ 12
batya payed $100 to enter sbiz 12
batya çàïëàòèë $100 çà âõîä â áèçíåñ 12
batya çàïëàòèë $100 çà âõîä â áèçíåñ 12
batya payed $100 to enter sbiz 12
batya çàïëàòèë $100 çà âõîä â áèçíåñ 12
batya çàïëàòèë $100 çà âõîä â áèçíåñ 12
batya payed $100 to enter sbiz 12
batya çàïëàòèë $100 çà âõîä â áèçíåñ 12
batya çàïëàòèë $100 çà âõîä â áèçíåñ 12
batya payed $100 to enter sbiz 12
batya çàïëàòèë $100 çà âõîä â áèçíåñ 12
batya çàïëàòèë $100 çà âõîä â áèçíåñ 12
batya payed $100 to enter sbiz 12
batya çàïëàòèë $100 çà âõîä â áèçíåñ 12
batya çàïëàòèë $100 çà âõîä â áèçíåñ 12
batya payed $100 to enter sbiz 12
batya çàïëàòèë $100 çà âõîä â áèçíåñ 12
batya çàïëàòèë $100 çà âõîä â áèçíåñ 12
batya çàïëàòèë $100 çà âõîä â áèçíåñ 12
batya çàïëàòèë $100 çà âõîä â áèçíåñ 12
batya payed $100 to enter sbiz 12
batya çàïëàòèë $100 çà âõîä â áèçíåñ 12
batya çàïëàòèë $100 çà âõîä â áèçíåñ 12
batya payed $100 to enter sbiz 12
batya çàïëàòèë $100 çà âõîä â áèçíåñ 12
batya çàïëàòèë $100 çà âõîä â áèçíåñ 12
batya payed $100 to enter sbiz 12
batya çàïëàòèë $100 çà âõîä â áèçíåñ 12
batya çàïëàòèë $100 çà âõîä â áèçíåñ 12
batya payed $100 to enter sbiz 12
batya çàïëàòèë $100 çà âõîä â áèçíåñ 12
batya çàïëàòèë $100 çà âõîä â áèçíåñ 12
batya çàïëàòèë $100 çà âõîä â áèçíåñ 12
batya çàïëàòèë $100 çà âõîä â áèçíåñ 12
batya payed $100 to enter sbiz 12
batya çàïëàòèë $100 çà âõîä â áèçíåñ 12
batya çàïëàòèë $100 çà âõîä â áèçíåñ 12
batya payed $100 to enter sbiz 12
batya çàïëàòèë $100 çà âõîä â áèçíåñ 12
batya çàïëàòèë $100 çà âõîä â áèçíåñ 12
batya payed $100 to enter sbiz 12
batya çàïëàòèë $100 çà âõîä â áèçíåñ 12
batya çàïëàòèë $100 çà âõîä â áèçíåñ 12
batya payed $100 to enter sbiz 12
batya çàïëàòèë $100 çà âõîä â áèçíåñ 12
batya çàïëàòèë $100 çà âõîä â áèçíåñ 12
batya çàïëàòèë $100 çà âõîä â áèçíåñ 12
batya çàïëàòèë $100 çà âõîä â áèçíåñ 12
batya payed $100 to enter sbiz 12
batya çàïëàòèë $100 çà âõîä â áèçíåñ 12
batya çàïëàòèë $100 çà âõîä â áèçíåñ 12
batya payed $100 to enter sbiz 12
batya çàïëàòèë $100 çà âõîä â áèçíåñ 12
batya çàïëàòèë $100 çà âõîä â áèçíåñ 12
batya payed $100 to enter sbiz 12
batya çàïëàòèë $100 çà âõîä â áèçíåñ 12
batya çàïëàòèë $100 çà âõîä â áèçíåñ 12
batya payed $100 to enter sbiz 12
batya çàïëàòèë $100 çà âõîä â áèçíåñ 12
batya çàïëàòèë $100 çà âõîä â áèçíåñ 12
batya payed $100 to enter sbiz 12
batya çàïëàòèë $100 çà âõîä â áèçíåñ 12
batya çàïëàòèë $100 çà âõîä â áèçíåñ 12
batya payed $100 to enter sbiz 12
batya çàïëàòèë $100 çà âõîä â áèçíåñ 12
batya çàïëàòèë $100 çà âõîä â áèçíåñ 12
batya payed $100 to enter sbiz 12
batya çàïëàòèë $100 çà âõîä â áèçíåñ 12
batya çàïëàòèë $100 çà âõîä â áèçíåñ 12
batya payed $100 to enter sbiz 12
batya çàïëàòèë $100 çà âõîä â áèçíåñ 12
batya çàïëàòèë $100 çà âõîä â áèçíåñ 12
batya payed $100 to enter sbiz 12
batya çàïëàòèë $100 çà âõîä â áèçíåñ 12
batya çàïëàòèë $100 çà âõîä â áèçíåñ 12
batya payed $100 to enter sbiz 12
batya çàïëàòèë $100 çà âõîä â áèçíåñ 12
batya çàïëàòèë $100 çà âõîä â áèçíåñ 12
batya payed $100 to enter sbiz 12
batya çàïëàòèë $100 çà âõîä â áèçíåñ 12
batya çàïëàòèë $100 çà âõîä â áèçíåñ 12
batya payed $100 to enter sbiz 12
batya çàïëàòèë $100 çà âõîä â áèçíåñ 12
batya çàïëàòèë $100 çà âõîä â áèçíåñ 12
batya payed $100 to enter sbiz 12
batya çàïëàòèë $100 çà âõîä â áèçíåñ 12
batya çàïëàòèë $100 çà âõîä â áèçíåñ 12
batya payed $100 to enter sbiz 12
batya çàïëàòèë $100 çà âõîä â áèçíåñ 12
batya çàïëàòèë $100 çà âõîä â áèçíåñ 12
batya payed $100 to enter sbiz 12
batya çàïëàòèë $100 çà âõîä â áèçíåñ 12
batya çàïëàòèë $100 çà âõîä â áèçíåñ 12
batya payed $100 to enter sbiz 12
batya çàïëàòèë $0 çà âõîä â áèçíåñ 10
batya payed $0 to enter sbiz 10
batya çàïëàòèë $0 çà âõîä â áèçíåñ 10
batya çàïëàòèë $2000 çà âõîä â áèçíåñ 0
batya payed $2000 to enter sbiz 0
batya çàïëàòèë $2000 çà âõîä â áèçíåñ 0
batya payed $2000 to enter sbiz 0
batya çàïëàòèë $2000 çà âõîä â áèçíåñ 0
batya payed $2000 to enter sbiz 0
batya çàïëàòèë $2000 çà âõîä â áèçíåñ 0
batya payed $2000 to enter sbiz 0
batya çàïëàòèë $100 çà âõîä â áèçíåñ 13
batya payed $100 to enter sbiz 13
batya çàïëàòèë $100 çà âõîä â áèçíåñ 13
batya payed $100 to enter sbiz 13
batya çàïëàòèë $100 çà âõîä â áèçíåñ 13
batya payed $100 to enter sbiz 13
batya çàïëàòèë $1000 çà âõîä â áèçíåñ 1
batya payed $1000 to enter sbiz 1
batya çàïëàòèë $1000 çà âõîä â áèçíåñ 1
batya çàïëàòèë $1000 çà âõîä â áèçíåñ 1
batya çàïëàòèë $1000 çà âõîä â áèçíåñ 1
batya payed $1000 to enter sbiz 1
batya çàïëàòèë $1000 çà âõîä â áèçíåñ 1
batya payed $1000 to enter sbiz 1
batya çàïëàòèë $1000 çà âõîä â áèçíåñ 1
batya payed $1000 to enter sbiz 1
batya çàïëàòèë $1000 çà âõîä â áèçíåñ 10
batya çàïëàòèë $1000 çà âõîä â áèçíåñ 10
batya payed $1000 to enter sbiz 10
batya çàïëàòèë $1000 çà âõîä â áèçíåñ 10
batya payed $1000 to enter sbiz 10
batya çàïëàòèë $1000 çà âõîä â áèçíåñ 10
batya payed $1000 to enter sbiz 10
batya çàïëàòèë $100 çà âõîä â áèçíåñ 13
batya çàïëàòèë $100 çà âõîä â áèçíåñ 13
batya payed $100 to enter sbiz 13
batya çàïëàòèë $2000 çà âõîä â áèçíåñ 0
batya payed $2000 to enter sbiz 0
batya çàïëàòèë $1000 çà âõîä â áèçíåñ 10
batya payed $1000 to enter sbiz 10
batya çàïëàòèë $1000 çà âõîä â áèçíåñ 10
batya payed $1000 to enter sbiz 10
batya çàïëàòèë $1000 çà âõîä â áèçíåñ 1
qwe çàïëàòèë $100 çà âõîä â áèçíåñ 13
qwe payed $100 to enter sbiz 13
James_Williams payed $2000 to enter sbiz 0
James_Williams payed $2000 to enter sbiz 0
James_Williams payed $2000 to enter sbiz 0
James_Williams payed $2000 to enter sbiz 0
James_Williams payed $2000 to enter sbiz 0
James_Williams payed $2000 to enter sbiz 0
James_Williams payed $2000 to enter sbiz 0
James_Williams payed $2000 to enter sbiz 0
James_Williams payed $2000 to enter sbiz 0
James_Williams payed $2000 to enter sbiz 0
James_Williams payed $2000 to enter sbiz 0
James_Williams payed $2000 to enter sbiz 0
James_Williams payed $2000 to enter sbiz 0
James_Williams payed $2000 to enter sbiz 0
James_Williams payed $2000 to enter sbiz 0
James_Williams payed $2000 to enter sbiz 0
James_Williams payed $2000 to enter sbiz 0
James_Williams payed $2000 to enter sbiz 0
James_Williams payed $2000 to enter sbiz 0
James_Williams payed $2000 to enter sbiz 0
James_Williams payed $2000 to enter sbiz 0
James_Williams payed $2000 to enter sbiz 0
James_Williams payed $2000 to enter sbiz 0
James_Williams payed $2000 to enter sbiz 0
James_Williams payed $2000 to enter sbiz 0
James_Williams payed $2000 to enter sbiz 0
James_Williams payed $2000 to enter sbiz 0
James_Williams payed $2000 to enter sbiz 0
James_Williams payed $2000 to enter sbiz 0
James_Williams payed $2000 to enter sbiz 0
James_Williams payed $2000 to enter sbiz 0
James_Williams payed $2000 to enter sbiz 0
James_Williams payed $2000 to enter sbiz 0
James_Williams payed $2000 to enter sbiz 0
James_Williams payed $2000 to enter sbiz 0
James_Williams payed $2000 to enter sbiz 0
James_Williams payed $2000 to enter sbiz 0
James_Williams payed $2000 to enter sbiz 0
James_Williams payed $2000 to enter sbiz 0
James_Williams payed $2000 to enter sbiz 0
James_Williams payed $2000 to enter sbiz 0
James_Williams payed $2000 to enter sbiz 0
James_Williams payed $2000 to enter sbiz 0
James_Williams payed $2000 to enter sbiz 0
James_Williams payed $2000 to enter sbiz 0
James_Williams payed $2000 to enter sbiz 0
James_Williams payed $2000 to enter sbiz 0
James_Williams payed $2000 to enter sbiz 0
James_Williams payed $2000 to enter sbiz 0
James_Williams çàïëàòèë $2000 çà âõîä â áèçíåñ 0
James_Williams çàïëàòèë $2000 çà âõîä â áèçíåñ 0
James_Williams payed $2000 to enter sbiz 0
James_Williams payed $2000 to enter sbiz 0
James_Williams payed $2000 to enter sbiz 0
James_Williams payed $2000 to enter sbiz 0
James_Williams payed $2000 to enter sbiz 0
James_Williams payed $2000 to enter sbiz 0
James_Williams payed $2000 to enter sbiz 0
James_Williams payed $2000 to enter sbiz 0
James_Williams payed $2000 to enter sbiz 0
James_Williams payed $2000 to enter sbiz 0
James_Williams payed $2000 to enter sbiz 0
James_Williams payed $2000 to enter sbiz 0
James_Williams payed $2000 to enter sbiz 0
James_Williams payed $2000 to enter sbiz 0
James_Williams payed $2000 to enter sbiz 0
James_Williams payed $2000 to enter sbiz 0
James_Williams payed $2000 to enter sbiz 0
James_Williams payed $2000 to enter sbiz 0
James_Williams payed $2000 to enter sbiz 0
James_Williams payed $2000 to enter sbiz 0
James_Williams payed $2000 to enter sbiz 0
James_Williams payed $2000 to enter sbiz 0
James_Williams payed $2000 to enter sbiz 0
James_Williams çàïëàòèë $2000 çà âõîä â áèçíåñ 0
James_Williams payed $2000 to enter sbiz 0
James_Williams çàïëàòèë $2000 çà âõîä â áèçíåñ 0
James_Williams payed $2000 to enter sbiz 0
James_Williams payed $2000 to enter sbiz 0
James_Williams payed $2000 to enter sbiz 0
James_Williams payed $2000 to enter sbiz 0
James_Williams payed $2000 to enter sbiz 0
James_Williams payed $2000 to enter sbiz 0
James_Williams çàïëàòèë $100 çà âõîä â áèçíåñ 2
James_Williams payed $100 to enter sbiz 2
James_Williams çàïëàòèë $100 çà âõîä â áèçíåñ 2
James_Williams payed $100 to enter sbiz 2
James_Williams çàïëàòèë $100 çà âõîä â áèçíåñ 2
James_Williams payed $100 to enter sbiz 2
James_Williams çàïëàòèë $100 çà âõîä â áèçíåñ 2
James_Williams payed $100 to enter sbiz 2
James_Williams çàïëàòèë $100 çà âõîä â áèçíåñ 2
James_Williams payed $100 to enter sbiz 2
James_Williams çàïëàòèë $100 çà âõîä â áèçíåñ 2
James_Williams payed $100 to enter sbiz 2
James_Williams çàïëàòèë $100 çà âõîä â áèçíåñ 2
James_Williams payed $100 to enter sbiz 2
James_Williams çàïëàòèë $100 çà âõîä â áèçíåñ 2
James_Williams payed $100 to enter sbiz 2
James_Williams çàïëàòèë $100 çà âõîä â áèçíåñ 2
James_Williams çàïëàòèë $100 çà âõîä â áèçíåñ 2
James_Williams payed $100 to enter sbiz 2
James_Williams çàïëàòèë $100 çà âõîä â áèçíåñ 2
James_Williams payed $100 to enter sbiz 2
James_Williams çàïëàòèë $100 çà âõîä â áèçíåñ 2
James_Williams payed $100 to enter sbiz 2
James_Williams çàïëàòèë $100 çà âõîä â áèçíåñ 2
James_Williams payed $100 to enter sbiz 2
James_Williams çàïëàòèë $100 çà âõîä â áèçíåñ 2
James_Williams çàïëàòèë $2000 çà âõîä â áèçíåñ 0
James_Williams payed $2000 to enter sbiz 0
James_Williams çàïëàòèë $2000 çà âõîä â áèçíåñ 0
James_Williams payed $2000 to enter sbiz 0
James_Williams çàïëàòèë $2000 çà âõîä â áèçíåñ 0
James_Williams payed $2000 to enter sbiz 0
James_Williams çàïëàòèë $2000 çà âõîä â áèçíåñ 0
James_Williams payed $2000 to enter sbiz 0
James_Williams payed $2000 to enter sbiz 0
James_Williams payed $2000 to enter sbiz 0
James_Williams payed $2000 to enter sbiz 0
James_Williams payed $2000 to enter sbiz 0
James_Williams payed $2000 to enter sbiz 0
James_Williams payed $2000 to enter sbiz 0
James_Williams payed $2000 to enter sbiz 0
James_Williams çàïëàòèë $2000 çà âõîä â áèçíåñ 0
batya çàïëàòèë $100 çà âõîä â áèçíåñ 15
batya çàïëàòèë $1000 çà âõîä â áèçíåñ 10
batya çàïëàòèë $2000 çà âõîä â áèçíåñ 8
batya çàïëàòèë $2000 çà âõîä â áèçíåñ 8
batya çàïëàòèë $2000 çà âõîä â áèçíåñ 8
batya çàïëàòèë $2000 çà âõîä â áèçíåñ 0
batya çàïëàòèë $2000 çà âõîä â áèçíåñ 8
batya çàïëàòèë $1000 çà âõîä â áèçíåñ 1
batya çàïëàòèë $1000 çà âõîä â áèçíåñ 1
batya çàïëàòèë $1000 çà âõîä â áèçíåñ 1
batya çàïëàòèë $1000 çà âõîä â áèçíåñ 1
batya çàïëàòèë $1000 çà âõîä â áèçíåñ 1
batya çàïëàòèë $0 çà âõîä â áèçíåñ 3
batya çàïëàòèë $0 çà âõîä â áèçíåñ 3
batya çàïëàòèë $2000 çà âõîä â áèçíåñ 0
batya çàïëàòèë $5000 çà âõîä â áèçíåñ 10
batya payed $5000 to enter sbiz 10
batya payed $500 to enter sbiz 9
batya payed $500 to enter sbiz 9
batya payed $500 to enter sbiz 9
batya payed $500 to enter sbiz 9
batya payed $500 to enter sbiz 9
batya payed $500 to enter sbiz 9
batya payed $500 to enter sbiz 9
batya payed $500 to enter sbiz 9
batya payed $500 to enter sbiz 9
batya payed $500 to enter sbiz 9
batya payed $500 to enter sbiz 9
batya payed $500 to enter sbiz 9
batya payed $500 to enter sbiz 9
batya payed $500 to enter sbiz 9
batya payed $500 to enter sbiz 9
batya payed $500 to enter sbiz 9
batya payed $500 to enter sbiz 9
batya payed $500 to enter sbiz 9
batya payed $500 to enter sbiz 9
batya payed $500 to enter sbiz 9
batya çàïëàòèë $5000 çà âõîä â áèçíåñ 10
batya payed $5000 to enter sbiz 10
batya çàïëàòèë $500 çà âõîä â áèçíåñ 9
batya payed $500 to enter sbiz 9
batya payed $1000 to enter sbiz 6
batya payed $1000 to enter sbiz 6
batya payed $1000 to enter sbiz 6
Tesa payed $100 to enter sbiz 12
Tesa çàïëàòèë $2000 çà âõîä â áèçíåñ 16
Tesa çàïëàòèë $2000 çà âõîä â áèçíåñ 16
Tesa çàïëàòèë $2000 çà âõîä â áèçíåñ 16
Tesa çàïëàòèë $2000 çà âõîä â áèçíåñ 16
Tesa çàïëàòèë $2000 çà âõîä â áèçíåñ 16
Tesa çàïëàòèë $2000 çà âõîä â áèçíåñ 17
Tesa çàïëàòèë $2000 çà âõîä â áèçíåñ 17
_batya_ çàïëàòèë $100 çà âõîä â áèçíåñ 11
_batya_ çàïëàòèë $100 çà âõîä â áèçíåñ 11
_batya_ çàïëàòèë $100 çà âõîä â áèçíåñ 11
_batya_ çàïëàòèë $100 çà âõîä â áèçíåñ 11
_batya_ çàïëàòèë $2000 çà âõîä â áèçíåñ 9
_batya_ çàïëàòèë $2000 çà âõîä â áèçíåñ 9
_batya_ çàïëàòèë $2000 çà âõîä â áèçíåñ 9
_batya_ çàïëàòèë $2000 çà âõîä â áèçíåñ 8
_batya_ çàïëàòèë $2000 çà âõîä â áèçíåñ 8
_batya_ çàïëàòèë $100 çà âõîä â áèçíåñ 12
_batya_ çàïëàòèë $100 çà âõîä â áèçíåñ 12
_batya_ çàïëàòèë $0 çà âõîä â áèçíåñ 3
_batya_ çàïëàòèë $0 çà âõîä â áèçíåñ 3
_batya_ çàïëàòèë $100 çà âõîä â áèçíåñ 14
_batya_ çàïëàòèë $2000 çà âõîä â áèçíåñ 9
Tesa çàïëàòèë $100 çà âõîä â áèçíåñ 2
Tesa çàïëàòèë $100 çà âõîä â áèçíåñ 2
Tesa çàïëàòèë $100 çà âõîä â áèçíåñ 2
Tesa çàïëàòèë $100 çà âõîä â áèçíåñ 2
Tesa çàïëàòèë $100 çà âõîä â áèçíåñ 18
Tesa çàïëàòèë $100 çà âõîä â áèçíåñ 18
Tesa çàïëàòèë $100 çà âõîä â áèçíåñ 18
Tesa çàïëàòèë $100 çà âõîä â áèçíåñ 18
Tesa çàïëàòèë $100 çà âõîä â áèçíåñ 18
Tesa çàïëàòèë $100 çà âõîä â áèçíåñ 18
Tesa çàïëàòèë $100 çà âõîä â áèçíåñ 18
Tesa çàïëàòèë $100 çà âõîä â áèçíåñ 18
Tesa çàïëàòèë $1000 çà âõîä â áèçíåñ 7
Tesa çàïëàòèë $100 çà âõîä â áèçíåñ 7
Tesa çàïëàòèë $100 çà âõîä â áèçíåñ 7
Tesa çàïëàòèë $100 çà âõîä â áèçíåñ 7
Tesa çàïëàòèë $100 çà âõîä â áèçíåñ 7
Tesa çàïëàòèë $100 çà âõîä â áèçíåñ 7
Tesa çàïëàòèë $100 çà âõîä â áèçíåñ 7
Tesa çàïëàòèë $100 çà âõîä â áèçíåñ 7
Tesa çàïëàòèë $100 çà âõîä â áèçíåñ 7
Tesa çàïëàòèë $2000 çà âõîä â áèçíåñ 4
Tesa çàïëàòèë $2000 çà âõîä â áèçíåñ 4
Tesa çàïëàòèë $2000 çà âõîä â áèçíåñ 17
Tesa çàïëàòèë $2000 çà âõîä â áèçíåñ 17
Tesa çàïëàòèë $2000 çà âõîä â áèçíåñ 16
Tesa çàïëàòèë $2000 çà âõîä â áèçíåñ 16
Tesa çàïëàòèë $0 çà âõîä â áèçíåñ 3
Tesa çàïëàòèë $0 çà âõîä â áèçíåñ 3
Rikko çàïëàòèë $100 çà âõîä â áèçíåñ 7
Rikko çàïëàòèë $100 çà âõîä â áèçíåñ 7
Rikko çàïëàòèë $100 çà âõîä â áèçíåñ 7
Rikko çàïëàòèë $100 çà âõîä â áèçíåñ 7
Rikko çàïëàòèë $100 çà âõîä â áèçíåñ 2
Rikko çàïëàòèë $200 çà âõîä â áèçíåñ 5
Rikko çàïëàòèë $200 çà âõîä â áèçíåñ 5
Rikko çàïëàòèë $200 çà âõîä â áèçíåñ 5
Rikko çàïëàòèë $200 çà âõîä â áèçíåñ 5
Rikko çàïëàòèë $0 çà âõîä â áèçíåñ 18
Rikko çàïëàòèë $2000 çà âõîä â áèçíåñ 4
Rikko çàïëàòèë $2000 çà âõîä â áèçíåñ 17
Rikko çàïëàòèë $2000 çà âõîä â áèçíåñ 17
Rikko çàïëàòèë $200 çà âõîä â áèçíåñ 5
Rikko çàïëàòèë $200 çà âõîä â áèçíåñ 5
Rikko çàïëàòèë $1000 çà âõîä â áèçíåñ 1
Rikko çàïëàòèë $200 çà âõîä â áèçíåñ 5
Rikko çàïëàòèë $1000 çà âõîä â áèçíåñ 1
Rikko çàïëàòèë $1000 çà âõîä â áèçíåñ 1
Rikko çàïëàòèë $1000 çà âõîä â áèçíåñ 1
Rikko çàïëàòèë $1000 çà âõîä â áèçíåñ 1
Rikko çàïëàòèë $200 çà âõîä â áèçíåñ 5
Rikko çàïëàòèë $100 çà âõîä â áèçíåñ 21
Rikko çàïëàòèë $100 çà âõîä â áèçíåñ 20
Rikko çàïëàòèë $100 çà âõîä â áèçíåñ 6
Rikko çàïëàòèë $100 çà âõîä â áèçíåñ 21
Rikko çàïëàòèë $100 çà âõîä â áèçíåñ 22
Rikko çàïëàòèë $100 çà âõîä â áèçíåñ 22
Rikko çàïëàòèë $2000 çà âõîä â áèçíåñ 17
Osta çàïëàòèë $2000 çà âõîä â áèçíåñ 4
Osta çàïëàòèë $2000 çà âõîä â áèçíåñ 4
qpuTuJlb çàïëàòèë $2000 çà âõîä â áèçíåñ 0
qpuTuJlb çàïëàòèë $2000 çà âõîä â áèçíåñ 0
_batya_ çàïëàòèë $0 çà âõîä â áèçíåñ 18
_batya_ çàïëàòèë $0 çà âõîä â áèçíåñ 18
_batya_ çàïëàòèë $100 çà âõîä â áèçíåñ 20
_batya_ çàïëàòèë $2000 çà âõîä â áèçíåñ 0
Lollka çàïëàòèë $1000 çà âõîä â áèçíåñ 4
Lollka çàïëàòèë $10 çà âõîä â áèçíåñ 1
Lollka çàïëàòèë $100 çà âõîä â áèçíåñ 1
Lollka çàïëàòèë $100 çà âõîä â áèçíåñ 1
Lollka çàïëàòèë $100 çà âõîä â áèçíåñ 1
Lollka ñïàñèáî çà äîíàòîðñâî, $1.
Lollka ñïàñèáî çà äîíàòîðñâî, $1.
_batya_ çàïëàòèë $1000 çà âõîä â áèçíåñ 17
Timon4ik1 çàïëàòèë 1$ çà âõîä â áèçíåñ 2
Timon4ik1 çàïëàòèë 1$ çà âõîä â áèçíåñ 2
Jin ñïàñèáî çà äîíàòîðñâî, 10000$.
Timon4ik1 çàïëàòèë 1000$ çà âõîä â áèçíåñ 1
Timon4ik1 çàïëàòèë 1000$ çà âõîä â áèçíåñ 1
Timon4ik1 çàïëàòèë 250$ çà âõîä â áèçíåñ 15
Timon4ik1 çàïëàòèë 250$ çà âõîä â áèçíåñ 15
Timon4ik1 çàïëàòèë 250$ çà âõîä â áèçíåñ 15
Timon4ik1 ïîëó÷èë 1$ îò Pe4a
Timon4ik1 çàïëàòèë 1000$ çà âõîä â áèçíåñ 4
Timon4ik1 çàïëàòèë 1000$ çà âõîä â áèçíåñ 4
Timon4ik1 çàïëàòèë 1000$ çà âõîä â áèçíåñ 4
Timon4ik1 çàïëàòèë 1000$ çà âõîä â áèçíåñ 4
Timon4ik1 çàïëàòèë 1000$ çà âõîä â áèçíåñ 4
Timon4ik1 çàïëàòèë 1000$ çà âõîä â áèçíåñ 4
Timon4ik1 çàïëàòèë 1000$ çà âõîä â áèçíåñ 4
Timon4ik1 çàïëàòèë 1000$ çà âõîä â áèçíåñ 4
Timon4ik1 çàïëàòèë 1000$ çà âõîä â áèçíåñ 4
Timon4ik1 çàïëàòèë 1000$ çà âõîä â áèçíåñ 4
Timon4ik1 çàïëàòèë 1000$ çà âõîä â áèçíåñ 4
Timon4ik1 çàïëàòèë 1000$ çà âõîä â áèçíåñ 4
Timon4ik1 çàïëàòèë 1000$ çà âõîä â áèçíåñ 4
Timon4ik1 çàïëàòèë 1000$ çà âõîä â áèçíåñ 4
Timon4ik1 çàïëàòèë 1000$ çà âõîä â áèçíåñ 4
Timon4ik1 çàïëàòèë 1000$ çà âõîä â áèçíåñ 4
Timon4ik1 çàïëàòèë 1000$ çà âõîä â áèçíåñ 4
Timon4ik1 çàïëàòèë 1000$ çà âõîä â áèçíåñ 4
Timon4ik1 çàïëàòèë 1000$ çà âõîä â áèçíåñ 4
Timon4ik1 çàïëàòèë 1000$ çà âõîä â áèçíåñ 4
Timon4ik1 çàïëàòèë 1000$ çà âõîä â áèçíåñ 4
Timon4ik1 çàïëàòèë 1000$ çà âõîä â áèçíåñ 4
Timon4ik1 çàïëàòèë 1000$ çà âõîä â áèçíåñ 4
Timon4ik1 çàïëàòèë 1000$ çà âõîä â áèçíåñ 4
Timon4ik1 çàïëàòèë 1000$ çà âõîä â áèçíåñ 4
Timon4ik1 çàïëàòèë 1000$ çà âõîä â áèçíåñ 4
Timon4ik1 çàïëàòèë 1000$ çà âõîä â áèçíåñ 4
Timon4ik1 çàïëàòèë 1000$ çà âõîä â áèçíåñ 4
Timon4ik1 çàïëàòèë 1000$ çà âõîä â áèçíåñ 4
Timon4ik1 çàïëàòèë 1000$ çà âõîä â áèçíåñ 4
Timon4ik1 çàïëàòèë 1000$ çà âõîä â áèçíåñ 4
Timon4ik1 çàïëàòèë 1000$ çà âõîä â áèçíåñ 4
Timon4ik1 çàïëàòèë 1000$ çà âõîä â áèçíåñ 4
Timon4ik1 çàïëàòèë 1000$ çà âõîä â áèçíåñ 4
Timon4ik1 çàïëàòèë 1000$ çà âõîä â áèçíåñ 4
Timon4ik1 çàïëàòèë 1000$ çà âõîä â áèçíåñ 4
Timon4ik1 çàïëàòèë 1000$ çà âõîä â áèçíåñ 4
Timon4ik1 çàïëàòèë 1000$ çà âõîä â áèçíåñ 4
Timon4ik1 çàïëàòèë 0$ çà âõîä â áèçíåñ 3
Timon4ik1 çàïëàòèë 0$ çà âõîä â áèçíåñ 3
Timon4ik1 çàïëàòèë 300$ çà âõîä â áèçíåñ 1
LoM ñïàñèáî çà äîíàòîðñâî, 12000$.
Timkka ñïàñèáî çà äîíàòîðñâî, 1111$.
Timon4ik ñïàñèáî çà äîíàòîðñâî, 111$.
Timon4ik ñïàñèáî çà äîíàòîðñâî, 5000$.
Timon4ik ñïàñèáî çà äîíàòîðñâî, 11111$.
Timon4ik çàïëàòèë 1000$ çà âõîä â áèçíåñ 17
Timon4ik çàïëàòèë 1000$ çà âõîä â áèçíåñ 4
Timon4ik çàïëàòèë 1000$ çà âõîä â áèçíåñ 4
Timon4ik çàïëàòèë 1000$ çà âõîä â áèçíåñ 4
Timon4ik çàïëàòèë 1000$ çà âõîä â áèçíåñ 4
Timon4ik çàïëàòèë 1000$ çà âõîä â áèçíåñ 4
Timon4ik çàïëàòèë 1000$ çà âõîä â áèçíåñ 4
